# JRE version: OpenJDK Runtime Environment GraalVM CE 22.3.0 (17.0.5+8) (build 17.0.5+8-jvmci-22.3-b08)
# Java VM: OpenJDK 64-Bit Server VM GraalVM CE 22.3.0 (17.0.5+8-jvmci-22.3-b08, mixed mode, sharing, tiered, jvmci, jvmci compiler, compressed oops, compressed class ptrs, parallel gc, linux-amd64)
GC Precious Log:
 CPUs: 4 total, 1 available
 Memory: 1024M
 Large Page Support: Disabled
 NUMA Support: Disabled
 Compressed Oops: Enabled (32-bit)
 Alignments: Space 512K, Generation 512K, Heap 2M
 Heap Min Capacity: 100M
 Heap Initial Capacity: 100M
 Heap Max Capacity: 512M
 Pre-touch: Disabled
 Parallel Workers: 1
Heap:
 PSYoungGen      total 45056K, used 31744K [0x00000000f5580000, 0x00000000f9100000, 0x0000000100000000)
  eden space 31744K, 100% used [0x00000000f5580000,0x00000000f7480000,0x00000000f7480000)
  from space 13312K, 0% used [0x00000000f7480000,0x00000000f7480000,0x00000000f8180000)
  to   space 13312K, 0% used [0x00000000f8180000,0x00000000f8180000,0x00000000f8e80000)
 ParOldGen       total 349696K, used 349695K [0x00000000e0000000, 0x00000000f5580000, 0x00000000f5580000)
  object space 349696K, 99% used [0x00000000e0000000,0x00000000f557fff8,0x00000000f5580000)
 Metaspace       used 61039K, committed 61952K, reserved 1105920K
  class space    used 6019K, committed 6400K, reserved 1048576K
GC Heap History (20 events):
Event: 2283.263 GC heap before
{Heap before GC invocations=1812 (full 1724):
 PSYoungGen      total 45056K, used 31744K [0x00000000f5580000, 0x00000000f9100000, 0x0000000100000000)
  eden space 31744K, 100% used [0x00000000f5580000,0x00000000f7480000,0x00000000f7480000)
  from space 13312K, 0% used [0x00000000f7480000,0x00000000f7480000,0x00000000f8180000)
  to   space 13312K, 0% used [0x00000000f8180000,0x00000000f8180000,0x00000000f8e80000)
 ParOldGen       total 349696K, used 349696K [0x00000000e0000000, 0x00000000f5580000, 0x00000000f5580000)
  object space 349696K, 100% used [0x00000000e0000000,0x00000000f5580000,0x00000000f5580000)
 Metaspace       used 61039K, committed 61952K, reserved 1105920K
  class space    used 6019K, committed 6400K, reserved 1048576K
}
Event: 2284.367 GC heap after
{Heap after GC invocations=1812 (full 1724):
 PSYoungGen      total 45056K, used 31744K [0x00000000f5580000, 0x00000000f9100000, 0x0000000100000000)
  eden space 31744K, 100% used [0x00000000f5580000,0x00000000f7480000,0x00000000f7480000)
  from space 13312K, 0% used [0x00000000f8180000,0x00000000f8180000,0x00000000f8e80000)
  to   space 13312K, 0% used [0x00000000f7480000,0x00000000f7480000,0x00000000f8180000)
 ParOldGen       total 349696K, used 349696K [0x00000000e0000000, 0x00000000f5580000, 0x00000000f5580000)
  object space 349696K, 100% used [0x00000000e0000000,0x00000000f5580000,0x00000000f5580000)
 Metaspace       used 61039K, committed 61952K, reserved 1105920K
  class space    used 6019K, committed 6400K, reserved 1048576K
}
Event: 2284.367 GC heap before
{Heap before GC invocations=1813 (full 1725):
 PSYoungGen      total 45056K, used 31744K [0x00000000f5580000, 0x00000000f9100000, 0x0000000100000000)
  eden space 31744K, 100% used [0x00000000f5580000,0x00000000f7480000,0x00000000f7480000)
  from space 13312K, 0% used [0x00000000f8180000,0x00000000f8180000,0x00000000f8e80000)
  to   space 13312K, 0% used [0x00000000f7480000,0x00000000f7480000,0x00000000f8180000)
 ParOldGen       total 349696K, used 349696K [0x00000000e0000000, 0x00000000f5580000, 0x00000000f5580000)
  object space 349696K, 100% used [0x00000000e0000000,0x00000000f5580000,0x00000000f5580000)
 Metaspace       used 61039K, committed 61952K, reserved 1105920K
  class space    used 6019K, committed 6400K, reserved 1048576K
}
Event: 2285.385 GC heap after
{Heap after GC invocations=1813 (full 1725):
 PSYoungGen      total 45056K, used 31744K [0x00000000f5580000, 0x00000000f9100000, 0x0000000100000000)
  eden space 31744K, 100% used [0x00000000f5580000,0x00000000f7480000,0x00000000f7480000)
  from space 13312K, 0% used [0x00000000f7480000,0x00000000f7480000,0x00000000f8180000)
  to   space 13312K, 0% used [0x00000000f8180000,0x00000000f8180000,0x00000000f8e80000)
 ParOldGen       total 349696K, used 349695K [0x00000000e0000000, 0x00000000f5580000, 0x00000000f5580000)
  object space 349696K, 99% used [0x00000000e0000000,0x00000000f557ffe0,0x00000000f5580000)
 Metaspace       used 61039K, committed 61952K, reserved 1105920K
  class space    used 6019K, committed 6400K, reserved 1048576K
}
Event: 2285.385 GC heap before
{Heap before GC invocations=1814 (full 1726):
 PSYoungGen      total 45056K, used 31744K [0x00000000f5580000, 0x00000000f9100000, 0x0000000100000000)
  eden space 31744K, 100% used [0x00000000f5580000,0x00000000f7480000,0x00000000f7480000)
  from space 13312K, 0% used [0x00000000f7480000,0x00000000f7480000,0x00000000f8180000)
  to   space 13312K, 0% used [0x00000000f8180000,0x00000000f8180000,0x00000000f8e80000)
 ParOldGen       total 349696K, used 349696K [0x00000000e0000000, 0x00000000f5580000, 0x00000000f5580000)
  object space 349696K, 100% used [0x00000000e0000000,0x00000000f5580000,0x00000000f5580000)
 Metaspace       used 61039K, committed 61952K, reserved 1105920K
  class space    used 6019K, committed 6400K, reserved 1048576K
}
Event: 2286.396 GC heap after
{Heap after GC invocations=1814 (full 1726):
 PSYoungGen      total 45056K, used 31744K [0x00000000f5580000, 0x00000000f9100000, 0x0000000100000000)
  eden space 31744K, 100% used [0x00000000f5580000,0x00000000f7480000,0x00000000f7480000)
  from space 13312K, 0% used [0x00000000f8180000,0x00000000f8180000,0x00000000f8e80000)
  to   space 13312K, 0% used [0x00000000f7480000,0x00000000f7480000,0x00000000f8180000)
 ParOldGen       total 349696K, used 349696K [0x00000000e0000000, 0x00000000f5580000, 0x00000000f5580000)
  object space 349696K, 100% used [0x00000000e0000000,0x00000000f5580000,0x00000000f5580000)
 Metaspace       used 61039K, committed 61952K, reserved 1105920K
  class space    used 6019K, committed 6400K, reserved 1048576K
}
Event: 2286.396 GC heap before
{Heap before GC invocations=1815 (full 1727):
 PSYoungGen      total 45056K, used 31744K [0x00000000f5580000, 0x00000000f9100000, 0x0000000100000000)
  eden space 31744K, 100% used [0x00000000f5580000,0x00000000f7480000,0x00000000f7480000)
  from space 13312K, 0% used [0x00000000f8180000,0x00000000f8180000,0x00000000f8e80000)
  to   space 13312K, 0% used [0x00000000f7480000,0x00000000f7480000,0x00000000f8180000)
 ParOldGen       total 349696K, used 349696K [0x00000000e0000000, 0x00000000f5580000, 0x00000000f5580000)
  object space 349696K, 100% used [0x00000000e0000000,0x00000000f5580000,0x00000000f5580000)
 Metaspace       used 61039K, committed 61952K, reserved 1105920K
  class space    used 6019K, committed 6400K, reserved 1048576K
}
Event: 2287.491 GC heap after
{Heap after GC invocations=1815 (full 1727):
 PSYoungGen      total 45056K, used 31744K [0x00000000f5580000, 0x00000000f9100000, 0x0000000100000000)
  eden space 31744K, 100% used [0x00000000f5580000,0x00000000f7480000,0x00000000f7480000)
  from space 13312K, 0% used [0x00000000f7480000,0x00000000f7480000,0x00000000f8180000)
  to   space 13312K, 0% used [0x00000000f8180000,0x00000000f8180000,0x00000000f8e80000)
 ParOldGen       total 349696K, used 349696K [0x00000000e0000000, 0x00000000f5580000, 0x00000000f5580000)
  object space 349696K, 100% used [0x00000000e0000000,0x00000000f5580000,0x00000000f5580000)
 Metaspace       used 61039K, committed 61952K, reserved 1105920K
  class space    used 6019K, committed 6400K, reserved 1048576K
}
Event: 2287.491 GC heap before
{Heap before GC invocations=1816 (full 1728):
 PSYoungGen      total 45056K, used 31744K [0x00000000f5580000, 0x00000000f9100000, 0x0000000100000000)
  eden space 31744K, 100% used [0x00000000f5580000,0x00000000f7480000,0x00000000f7480000)
  from space 13312K, 0% used [0x00000000f7480000,0x00000000f7480000,0x00000000f8180000)
  to   space 13312K, 0% used [0x00000000f8180000,0x00000000f8180000,0x00000000f8e80000)
 ParOldGen       total 349696K, used 349696K [0x00000000e0000000, 0x00000000f5580000, 0x00000000f5580000)
  object space 349696K, 100% used [0x00000000e0000000,0x00000000f5580000,0x00000000f5580000)
 Metaspace       used 61039K, committed 61952K, reserved 1105920K
  class space    used 6019K, committed 6400K, reserved 1048576K
}
Event: 2288.685 GC heap after
{Heap after GC invocations=1816 (full 1728):
 PSYoungGen      total 45056K, used 31744K [0x00000000f5580000, 0x00000000f9100000, 0x0000000100000000)
  eden space 31744K, 100% used [0x00000000f5580000,0x00000000f7480000,0x00000000f7480000)
  from space 13312K, 0% used [0x00000000f8180000,0x00000000f8180000,0x00000000f8e80000)
  to   space 13312K, 0% used [0x00000000f7480000,0x00000000f7480000,0x00000000f8180000)
 ParOldGen       total 349696K, used 349695K [0x00000000e0000000, 0x00000000f5580000, 0x00000000f5580000)
  object space 349696K, 99% used [0x00000000e0000000,0x00000000f557ffe0,0x00000000f5580000)
 Metaspace       used 61039K, committed 61952K, reserved 1105920K
  class space    used 6019K, committed 6400K, reserved 1048576K
}
Event: 2288.686 GC heap before
{Heap before GC invocations=1817 (full 1729):
 PSYoungGen      total 45056K, used 31744K [0x00000000f5580000, 0x00000000f9100000, 0x0000000100000000)
  eden space 31744K, 100% used [0x00000000f5580000,0x00000000f7480000,0x00000000f7480000)
  from space 13312K, 0% used [0x00000000f8180000,0x00000000f8180000,0x00000000f8e80000)
  to   space 13312K, 0% used [0x00000000f7480000,0x00000000f7480000,0x00000000f8180000)
 ParOldGen       total 349696K, used 349696K [0x00000000e0000000, 0x00000000f5580000, 0x00000000f5580000)
  object space 349696K, 100% used [0x00000000e0000000,0x00000000f5580000,0x00000000f5580000)
 Metaspace       used 61039K, committed 61952K, reserved 1105920K
  class space    used 6019K, committed 6400K, reserved 1048576K
}
Event: 2289.764 GC heap after
{Heap after GC invocations=1817 (full 1729):
 PSYoungGen      total 45056K, used 31744K [0x00000000f5580000, 0x00000000f9100000, 0x0000000100000000)
  eden space 31744K, 100% used [0x00000000f5580000,0x00000000f7480000,0x00000000f7480000)
  from space 13312K, 0% used [0x00000000f7480000,0x00000000f7480000,0x00000000f8180000)
  to   space 13312K, 0% used [0x00000000f8180000,0x00000000f8180000,0x00000000f8e80000)
 ParOldGen       total 349696K, used 349695K [0x00000000e0000000, 0x00000000f5580000, 0x00000000f5580000)
  object space 349696K, 99% used [0x00000000e0000000,0x00000000f557ffe0,0x00000000f5580000)
 Metaspace       used 61039K, committed 61952K, reserved 1105920K
  class space    used 6019K, committed 6400K, reserved 1048576K
}
Event: 2289.764 GC heap before
{Heap before GC invocations=1818 (full 1730):
 PSYoungGen      total 45056K, used 31744K [0x00000000f5580000, 0x00000000f9100000, 0x0000000100000000)
  eden space 31744K, 100% used [0x00000000f5580000,0x00000000f7480000,0x00000000f7480000)
  from space 13312K, 0% used [0x00000000f7480000,0x00000000f7480000,0x00000000f8180000)
  to   space 13312K, 0% used [0x00000000f8180000,0x00000000f8180000,0x00000000f8e80000)
 ParOldGen       total 349696K, used 349696K [0x00000000e0000000, 0x00000000f5580000, 0x00000000f5580000)
  object space 349696K, 100% used [0x00000000e0000000,0x00000000f5580000,0x00000000f5580000)
 Metaspace       used 61039K, committed 61952K, reserved 1105920K
  class space    used 6019K, committed 6400K, reserved 1048576K
}
Event: 2290.785 GC heap after
{Heap after GC invocations=1818 (full 1730):
 PSYoungGen      total 45056K, used 31744K [0x00000000f5580000, 0x00000000f9100000, 0x0000000100000000)
  eden space 31744K, 100% used [0x00000000f5580000,0x00000000f7480000,0x00000000f7480000)
  from space 13312K, 0% used [0x00000000f8180000,0x00000000f8180000,0x00000000f8e80000)
  to   space 13312K, 0% used [0x00000000f7480000,0x00000000f7480000,0x00000000f8180000)
 ParOldGen       total 349696K, used 349695K [0x00000000e0000000, 0x00000000f5580000, 0x00000000f5580000)
  object space 349696K, 99% used [0x00000000e0000000,0x00000000f557ffe0,0x00000000f5580000)
 Metaspace       used 61039K, committed 61952K, reserved 1105920K
  class space    used 6019K, committed 6400K, reserved 1048576K
}
Event: 2290.785 GC heap before
{Heap before GC invocations=1819 (full 1731):
 PSYoungGen      total 45056K, used 31744K [0x00000000f5580000, 0x00000000f9100000, 0x0000000100000000)
  eden space 31744K, 100% used [0x00000000f5580000,0x00000000f7480000,0x00000000f7480000)
  from space 13312K, 0% used [0x00000000f8180000,0x00000000f8180000,0x00000000f8e80000)
  to   space 13312K, 0% used [0x00000000f7480000,0x00000000f7480000,0x00000000f8180000)
 ParOldGen       total 349696K, used 349695K [0x00000000e0000000, 0x00000000f5580000, 0x00000000f5580000)
  object space 349696K, 99% used [0x00000000e0000000,0x00000000f557ffe0,0x00000000f5580000)
 Metaspace       used 61039K, committed 61952K, reserved 1105920K
  class space    used 6019K, committed 6400K, reserved 1048576K
}
Event: 2291.864 GC heap after
{Heap after GC invocations=1819 (full 1731):
 PSYoungGen      total 45056K, used 31744K [0x00000000f5580000, 0x00000000f9100000, 0x0000000100000000)
  eden space 31744K, 100% used [0x00000000f5580000,0x00000000f7480000,0x00000000f7480000)
  from space 13312K, 0% used [0x00000000f7480000,0x00000000f7480000,0x00000000f8180000)
  to   space 13312K, 0% used [0x00000000f8180000,0x00000000f8180000,0x00000000f8e80000)
 ParOldGen       total 349696K, used 349695K [0x00000000e0000000, 0x00000000f5580000, 0x00000000f5580000)
  object space 349696K, 99% used [0x00000000e0000000,0x00000000f557ffe0,0x00000000f5580000)
 Metaspace       used 61039K, committed 61952K, reserved 1105920K
  class space    used 6019K, committed 6400K, reserved 1048576K
}
Event: 2291.865 GC heap before
{Heap before GC invocations=1820 (full 1732):
 PSYoungGen      total 45056K, used 31744K [0x00000000f5580000, 0x00000000f9100000, 0x0000000100000000)
  eden space 31744K, 100% used [0x00000000f5580000,0x00000000f7480000,0x00000000f7480000)
  from space 13312K, 0% used [0x00000000f7480000,0x00000000f7480000,0x00000000f8180000)
  to   space 13312K, 0% used [0x00000000f8180000,0x00000000f8180000,0x00000000f8e80000)
 ParOldGen       total 349696K, used 349695K [0x00000000e0000000, 0x00000000f5580000, 0x00000000f5580000)
  object space 349696K, 99% used [0x00000000e0000000,0x00000000f557fff8,0x00000000f5580000)
 Metaspace       used 61039K, committed 61952K, reserved 1105920K
  class space    used 6019K, committed 6400K, reserved 1048576K
}
Event: 2292.892 GC heap after
{Heap after GC invocations=1820 (full 1732):
 PSYoungGen      total 45056K, used 31744K [0x00000000f5580000, 0x00000000f9100000, 0x0000000100000000)
  eden space 31744K, 100% used [0x00000000f5580000,0x00000000f7480000,0x00000000f7480000)
  from space 13312K, 0% used [0x00000000f8180000,0x00000000f8180000,0x00000000f8e80000)
  to   space 13312K, 0% used [0x00000000f7480000,0x00000000f7480000,0x00000000f8180000)
 ParOldGen       total 349696K, used 349695K [0x00000000e0000000, 0x00000000f5580000, 0x00000000f5580000)
  object space 349696K, 99% used [0x00000000e0000000,0x00000000f557fff8,0x00000000f5580000)
 Metaspace       used 61039K, committed 61952K, reserved 1105920K
  class space    used 6019K, committed 6400K, reserved 1048576K
}
Event: 2292.892 GC heap before
{Heap before GC invocations=1821 (full 1733):
 PSYoungGen      total 45056K, used 31744K [0x00000000f5580000, 0x00000000f9100000, 0x0000000100000000)
  eden space 31744K, 100% used [0x00000000f5580000,0x00000000f7480000,0x00000000f7480000)
  from space 13312K, 0% used [0x00000000f8180000,0x00000000f8180000,0x00000000f8e80000)
  to   space 13312K, 0% used [0x00000000f7480000,0x00000000f7480000,0x00000000f8180000)
 ParOldGen       total 349696K, used 349695K [0x00000000e0000000, 0x00000000f5580000, 0x00000000f5580000)
  object space 349696K, 99% used [0x00000000e0000000,0x00000000f557fff8,0x00000000f5580000)
 Metaspace       used 61039K, committed 61952K, reserved 1105920K
  class space    used 6019K, committed 6400K, reserved 1048576K
}
Event: 2294.096 GC heap after
{Heap after GC invocations=1821 (full 1733):
 PSYoungGen      total 45056K, used 31744K [0x00000000f5580000, 0x00000000f9100000, 0x0000000100000000)
  eden space 31744K, 100% used [0x00000000f5580000,0x00000000f7480000,0x00000000f7480000)
  from space 13312K, 0% used [0x00000000f7480000,0x00000000f7480000,0x00000000f8180000)
  to   space 13312K, 0% used [0x00000000f8180000,0x00000000f8180000,0x00000000f8e80000)
 ParOldGen       total 349696K, used 349695K [0x00000000e0000000, 0x00000000f5580000, 0x00000000f5580000)
  object space 349696K, 99% used [0x00000000e0000000,0x00000000f557fff8,0x00000000f5580000)
 Metaspace       used 61039K, committed 61952K, reserved 1105920K
  class space    used 6019K, committed 6400K, reserved 1048576K
}

